<?xml version="1.0" encoding="UTF-8"?>
<!-- Generated by org.testng.reporters.JUnitReportReporter -->
<testsuite hostname="yoganandpc" failures="0" tests="1" name="demopackage.democlass" time="38.485" errors="0" timestamp="2023-08-14T15:25:01 IST" skipped="0">
  <testcase classname="demopackage.democlass" name="testclass" time="38.485"/>
  <system-out/>
</testsuite> <!-- demopackage.democlass -->
